<?xml version="1.0" encoding="UTF-8"?>
<!-- Generated by org.testng.reporters.JUnitXMLReporter -->
<testsuite hostname="LAPTOP-ODB502Q4" ignored="0" name="Test Suite" tests="5" failures="0" timestamp="15 Feb 2022 10:27:52 GMT" time="11.712" errors="0">
  <testcase name="writeFieldDDfmk" time="1.083" classname="com.DDdemo.testcases.HomePageTest"/>
  <testcase name="ClickActionTest1" time="0.128" classname="com.DDdemo.testcases.HomePageTest"/>
  <testcase name="ClickActiononImgTest2" time="0.649" classname="com.DDdemo.testcases.HomePageTest"/>
  <testcase name="ClickActionLinkTest3" time="3.903" classname="com.DDdemo.testcases.HomePageTest"/>
  <testcase name="verifyTest" time="0.087" classname="com.DDdemo.testcases.HomePageTest"/>
</testsuite> <!-- Test Suite -->
