<?xml version="1.0" encoding="UTF-8"?>
<!-- Generated by org.testng.reporters.JUnitXMLReporter -->
<testsuite hostname="LAPTOP-ODB502Q4" ignored="0" name="Test Suite1" tests="6" failures="0" timestamp="15 Feb 2022 10:28:08 GMT" time="15.528" errors="0">
  <testcase name="clickLJava" time="1.887" classname="com.DDdemo.testcases.JavaPageTest"/>
  <testcase name="verifyText" time="0.28" classname="com.DDdemo.testcases.JavaPageTest"/>
  <testcase name="clickLinkTest1" time="5.357" classname="com.DDdemo.testcases.JavaPageTest"/>
  <testcase name="verifyTest1" time="0.272" classname="com.DDdemo.testcases.JavaPageTest"/>
  <testcase name="clickLinkTest2" time="2.013" classname="com.DDdemo.testcases.JavaPageTest"/>
  <testcase name="verifyTest2" time="0.253" classname="com.DDdemo.testcases.JavaPageTest"/>
</testsuite> <!-- Test Suite1 -->
